  [1m[35m (354.6ms)[0m  [1m[35mCREATE DATABASE "ninety_nine_cats_development" ENCODING = 'unicode'[0m
  ↳ bin/rails:9
  [1m[35m (264.9ms)[0m  [1m[35mCREATE DATABASE "ninety_nine_cats_test" ENCODING = 'unicode'[0m
  ↳ bin/rails:9
  [1m[35m (13.7ms)[0m  [1m[35mCREATE TABLE "schema_migrations" ("version" character varying NOT NULL PRIMARY KEY)[0m
  ↳ bin/rails:9
  [1m[35m (9.3ms)[0m  [1m[35mCREATE TABLE "ar_internal_metadata" ("key" character varying NOT NULL PRIMARY KEY, "value" character varying, "created_at" timestamp NOT NULL, "updated_at" timestamp NOT NULL)[0m
  ↳ bin/rails:9
  [1m[35m (0.2ms)[0m  [1m[34mSELECT pg_try_advisory_lock(723150122408807205)[0m
  ↳ bin/rails:9
  [1m[35m (0.4ms)[0m  [1m[34mSELECT "schema_migrations"."version" FROM "schema_migrations" ORDER BY "schema_migrations"."version" ASC[0m
  ↳ bin/rails:9
Migrating to CreateCats (20200814181042)
  [1m[35m (0.2ms)[0m  [1m[35mBEGIN[0m
  ↳ bin/rails:9
  [1m[35m (9.5ms)[0m  [1m[35mCREATE TABLE "cats" ("id" bigserial primary key, "birth_date" date, "color" character varying NOT NULL, "name" character varying NOT NULL, "sex" character varying(1), "description" text, "created_at" timestamp NOT NULL, "updated_at" timestamp NOT NULL)[0m
  ↳ db/migrate/20200814181042_create_cats.rb:3
  [1m[35m (4.6ms)[0m  [1m[35mCREATE  INDEX  "index_cats_on_name" ON "cats"  ("name")[0m
  ↳ db/migrate/20200814181042_create_cats.rb:12
  [1m[36mActiveRecord::SchemaMigration Create (0.5ms)[0m  [1m[32mINSERT INTO "schema_migrations" ("version") VALUES ($1) RETURNING "version"[0m  [["version", "20200814181042"]]
  ↳ bin/rails:9
  [1m[35m (2.0ms)[0m  [1m[35mCOMMIT[0m
  ↳ bin/rails:9
  [1m[36mActiveRecord::InternalMetadata Load (0.4ms)[0m  [1m[34mSELECT  "ar_internal_metadata".* FROM "ar_internal_metadata" WHERE "ar_internal_metadata"."key" = $1 LIMIT $2[0m  [["key", "environment"], ["LIMIT", 1]]
  ↳ bin/rails:9
  [1m[35m (0.3ms)[0m  [1m[35mBEGIN[0m
  ↳ bin/rails:9
  [1m[36mActiveRecord::InternalMetadata Create (0.4ms)[0m  [1m[32mINSERT INTO "ar_internal_metadata" ("key", "value", "created_at", "updated_at") VALUES ($1, $2, $3, $4) RETURNING "key"[0m  [["key", "environment"], ["value", "development"], ["created_at", "2020-08-14 18:15:31.506138"], ["updated_at", "2020-08-14 18:15:31.506138"]]
  ↳ bin/rails:9
  [1m[35m (2.1ms)[0m  [1m[35mCOMMIT[0m
  ↳ bin/rails:9
  [1m[35m (0.5ms)[0m  [1m[34mSELECT pg_advisory_unlock(723150122408807205)[0m
  ↳ bin/rails:9
  [1m[35m (0.3ms)[0m  [1m[34mSELECT "schema_migrations"."version" FROM "schema_migrations" ORDER BY "schema_migrations"."version" ASC[0m
  ↳ bin/rails:9
  [1m[35m (0.6ms)[0m  [1m[35mCREATE DATABASE "ninety_nine_cats_development" ENCODING = 'unicode'[0m
  ↳ bin/rails:9
  [1m[35m (0.6ms)[0m  [1m[35mCREATE DATABASE "ninety_nine_cats_test" ENCODING = 'unicode'[0m
  ↳ bin/rails:9
  [1m[35m (0.5ms)[0m  [1m[34mSELECT "schema_migrations"."version" FROM "schema_migrations" ORDER BY "schema_migrations"."version" ASC[0m
  ↳ bin/rails:9
  [1m[35m (0.4ms)[0m  [1m[34mSELECT "schema_migrations"."version" FROM "schema_migrations" ORDER BY "schema_migrations"."version" ASC[0m
  ↳ bin/rails:9
  [1m[35m (0.4ms)[0m  [1m[35mBEGIN[0m
  [1m[36mCat Create (3.3ms)[0m  [1m[32mINSERT INTO "cats" ("birth_date", "color", "name", "sex", "description", "created_at", "updated_at") VALUES ($1, $2, $3, $4, $5, $6, $7) RETURNING "id"[0m  [["birth_date", "2020-01-01"], ["color", "White"], ["name", "Gizmo"], ["sex", "M"], ["description", "Drews dog into Cat"], ["created_at", "2020-08-14 18:55:49.403648"], ["updated_at", "2020-08-14 18:55:49.403648"]]
  [1m[35m (5.0ms)[0m  [1m[35mCOMMIT[0m
  [1m[35m (0.3ms)[0m  [1m[35mBEGIN[0m
  [1m[35m (0.3ms)[0m  [1m[31mROLLBACK[0m
  [1m[36mCat Load (0.5ms)[0m  [1m[34mSELECT "cats".* FROM "cats"[0m
  [1m[35m (0.2ms)[0m  [1m[35mBEGIN[0m
  [1m[35m (0.2ms)[0m  [1m[31mROLLBACK[0m
  [1m[35m (0.2ms)[0m  [1m[35mBEGIN[0m
  [1m[35m (0.2ms)[0m  [1m[31mROLLBACK[0m
  [1m[35m (0.3ms)[0m  [1m[35mBEGIN[0m
  [1m[36mCat Create (0.6ms)[0m  [1m[32mINSERT INTO "cats" ("birth_date", "color", "name", "sex", "description", "created_at", "updated_at") VALUES ($1, $2, $3, $4, $5, $6, $7) RETURNING "id"[0m  [["birth_date", "1000-01-01"], ["color", "Black"], ["name", "Cleopatras Cat"], ["sex", "F"], ["description", "Thats one old, ANCIENT cat"], ["created_at", "2020-08-14 18:57:57.754962"], ["updated_at", "2020-08-14 18:57:57.754962"]]
  [1m[35m (4.7ms)[0m  [1m[35mCOMMIT[0m
  [1m[36mCat Load (0.4ms)[0m  [1m[34mSELECT "cats".* FROM "cats"[0m
Started GET "/cats" for ::1 at 2020-08-14 15:09:10 -0400
  [1m[35m (0.7ms)[0m  [1m[34mSELECT "schema_migrations"."version" FROM "schema_migrations" ORDER BY "schema_migrations"."version" ASC[0m
  ↳ /home/drewwebs/.rbenv/versions/2.5.1/lib/ruby/gems/2.5.0/gems/activerecord-5.2.4.3/lib/active_record/log_subscriber.rb:98

ActionController::RoutingError - uninitialized constant CatsController:

Started POST "/__better_errors/755dc52054f75102/variables" for ::1 at 2020-08-14 15:09:10 -0400
Started GET "/cats" for ::1 at 2020-08-14 15:09:15 -0400

ActionController::RoutingError - uninitialized constant CatsController:

Started POST "/__better_errors/8f2e462148bb2fe8/variables" for ::1 at 2020-08-14 15:09:15 -0400
Started GET "/cats" for ::1 at 2020-08-14 15:09:53 -0400

SyntaxError - syntax error, unexpected ':', expecting keyword_end
        render: @cat
              ^:
  app/controllers/cats_controller.rb:5:in `'

Started POST "/__better_errors/7eaf082c50966811/variables" for ::1 at 2020-08-14 15:09:54 -0400
Started GET "/cats" for ::1 at 2020-08-14 15:10:28 -0400
Processing by CatsController#index as HTML
  [1m[36mCat Load (0.6ms)[0m  [1m[34mSELECT "cats".* FROM "cats"[0m
  ↳ app/controllers/cats_controller.rb:5
Completed 200 OK in 50ms (Views: 18.2ms | ActiveRecord: 5.5ms)


Started GET "/cats/1" for ::1 at 2020-08-14 15:10:44 -0400

AbstractController::ActionNotFound - The action 'show' could not be found for CatsController:

Started POST "/__better_errors/764a364458b96121/variables" for ::1 at 2020-08-14 15:10:46 -0400
Started GET "/cats/1" for ::1 at 2020-08-14 15:11:46 -0400

AbstractController::ActionNotFound - The action 'show' could not be found for CatsController:

Started POST "/__better_errors/32de9386434fedb2/variables" for ::1 at 2020-08-14 15:11:47 -0400
Started GET "/cats" for ::1 at 2020-08-14 15:13:09 -0400
Processing by CatsController#index as HTML
  [1m[36mCat Load (0.6ms)[0m  [1m[34mSELECT "cats".* FROM "cats"[0m
  ↳ app/controllers/cats_controller.rb:5
Completed 200 OK in 3ms (Views: 1.7ms | ActiveRecord: 0.6ms)


Started GET "/cats" for ::1 at 2020-08-14 15:14:04 -0400
Processing by CatsController#index as HTML
  [1m[36mCat Load (0.5ms)[0m  [1m[34mSELECT "cats".* FROM "cats"[0m
  ↳ app/controllers/cats_controller.rb:5
Completed 200 OK in 3ms (Views: 2.2ms | ActiveRecord: 0.5ms)


Started GET "/cats" for ::1 at 2020-08-14 15:14:55 -0400
Processing by CatsController#index as HTML
  [1m[36mCat Load (0.4ms)[0m  [1m[34mSELECT "cats".* FROM "cats"[0m
  ↳ app/controllers/cats_controller.rb:5
Completed 200 OK in 3ms (Views: 2.3ms | ActiveRecord: 0.4ms)


Started GET "/cats" for ::1 at 2020-08-14 15:17:16 -0400
Processing by CatsController#index as HTML
  [1m[36mCat Load (0.4ms)[0m  [1m[34mSELECT "cats".* FROM "cats"[0m
  ↳ app/controllers/cats_controller.rb:5
Completed 200 OK in 2ms (Views: 1.6ms | ActiveRecord: 0.4ms)


Started GET "/cats" for ::1 at 2020-08-14 15:18:04 -0400
  [1m[35m (1.0ms)[0m  [1m[34mSELECT "schema_migrations"."version" FROM "schema_migrations" ORDER BY "schema_migrations"."version" ASC[0m
  ↳ /home/drewwebs/.rbenv/versions/2.5.1/lib/ruby/gems/2.5.0/gems/activerecord-5.2.4.3/lib/active_record/log_subscriber.rb:98
Processing by CatsController#index as HTML
  Rendering cats/index.html.erb within layouts/application
  Rendered cats/index.html.erb within layouts/application (10824.2ms)
Completed 200 OK in 19608ms (Views: 19562.6ms | ActiveRecord: 0.0ms)


Started GET "/cats" for ::1 at 2020-08-14 15:19:43 -0400
Processing by CatsController#index as HTML
  Rendering cats/index.html.erb within layouts/application
  Rendered cats/index.html.erb within layouts/application (213.0ms)
Completed 500 Internal Server Error in 550ms (ActiveRecord: 0.0ms)



ActionView::Template::Error - undefined method `each' for nil:NilClass:
  app/views/cats/index.html.erb:4:in `view template'
  app/controllers/cats_controller.rb:5:in `index'

Started POST "/__better_errors/ec172f94d3ed3daa/variables" for ::1 at 2020-08-14 15:19:44 -0400
  [1m[36mCat Load (3.7ms)[0m  [1m[34mSELECT  "cats".* FROM "cats" LIMIT $1[0m  [["LIMIT", 11]]
  ↳ /home/drewwebs/.rbenv/versions/2.5.1/lib/ruby/gems/2.5.0/gems/activerecord-5.2.4.3/lib/active_record/log_subscriber.rb:98
Started GET "/cats" for ::1 at 2020-08-14 15:30:33 -0400
Processing by CatsController#index as HTML
  Rendering cats/index.html.erb within layouts/application
  Rendered cats/index.html.erb within layouts/application (78.8ms)
Completed 500 Internal Server Error in 283ms (ActiveRecord: 0.0ms)



ActionView::Template::Error - undefined method `each' for nil:NilClass:
  app/views/cats/index.html.erb:4:in `view template'
  app/controllers/cats_controller.rb:5:in `index'

Started POST "/__better_errors/c6e6d3d2a4ee78f4/variables" for ::1 at 2020-08-14 15:30:34 -0400
  [1m[36mCat Load (0.5ms)[0m  [1m[34mSELECT  "cats".* FROM "cats" LIMIT $1[0m  [["LIMIT", 11]]
  ↳ /home/drewwebs/.rbenv/versions/2.5.1/lib/ruby/gems/2.5.0/gems/activerecord-5.2.4.3/lib/active_record/log_subscriber.rb:98
Started GET "/cats/1" for ::1 at 2020-08-14 15:30:38 -0400
Processing by CatsController#show as HTML
  Parameters: {"id"=>"1"}
  Rendering cats/show.html.erb within layouts/application
  Rendered cats/show.html.erb within layouts/application (74.8ms)
Completed 500 Internal Server Error in 347ms (ActiveRecord: 0.0ms)



ActionView::Template::Error - undefined method `name' for nil:NilClass:
  app/views/cats/show.html.erb:7:in `view template'

Started POST "/__better_errors/b8c4332a20e47833/variables" for ::1 at 2020-08-14 15:30:39 -0400
Started GET "/cats/1" for ::1 at 2020-08-14 15:31:31 -0400
  [1m[35m (0.8ms)[0m  [1m[34mSELECT "schema_migrations"."version" FROM "schema_migrations" ORDER BY "schema_migrations"."version" ASC[0m
  ↳ /home/drewwebs/.rbenv/versions/2.5.1/lib/ruby/gems/2.5.0/gems/activerecord-5.2.4.3/lib/active_record/log_subscriber.rb:98
Processing by CatsController#show as HTML
  Parameters: {"id"=>"1"}
Completed 500 Internal Server Error in 47ms (ActiveRecord: 2.2ms)



ArgumentError - Unsupported argument type: id (Symbol):
  app/controllers/cats_controller.rb:9:in `show'

Started POST "/__better_errors/648a55737b31470a/variables" for ::1 at 2020-08-14 15:31:31 -0400
Started GET "/cats/1" for ::1 at 2020-08-14 15:32:07 -0400
Processing by CatsController#show as HTML
  Parameters: {"id"=>"1"}
Completed 500 Internal Server Error in 1ms (ActiveRecord: 0.0ms)



ArgumentError - Unsupported argument type: id (Symbol):
  app/controllers/cats_controller.rb:9:in `show'

Started POST "/__better_errors/6d6623a391480c8d/variables" for ::1 at 2020-08-14 15:32:08 -0400
Started GET "/cats/1" for ::1 at 2020-08-14 15:32:27 -0400
Processing by CatsController#show as HTML
  Parameters: {"id"=>"1"}
Completed 500 Internal Server Error in 2ms (ActiveRecord: 0.0ms)



ArgumentError - Unsupported argument type: id (Symbol):
  app/controllers/cats_controller.rb:9:in `show'

Started POST "/__better_errors/e0264c24f401a109/variables" for ::1 at 2020-08-14 15:32:27 -0400
Started GET "/cats/1" for ::1 at 2020-08-14 15:33:02 -0400
Processing by CatsController#show as HTML
  Parameters: {"id"=>"1"}
Completed 500 Internal Server Error in 1ms (ActiveRecord: 0.0ms)



ArgumentError - Unsupported argument type: id (Symbol):
  app/controllers/cats_controller.rb:9:in `show'

Started POST "/__better_errors/d1c28de5f358b2b1/variables" for ::1 at 2020-08-14 15:33:02 -0400
Started GET "/cats/1" for ::1 at 2020-08-14 15:40:27 -0400
  [1m[35m (0.7ms)[0m  [1m[34mSELECT "schema_migrations"."version" FROM "schema_migrations" ORDER BY "schema_migrations"."version" ASC[0m
  ↳ /home/drewwebs/.rbenv/versions/2.5.1/lib/ruby/gems/2.5.0/gems/activerecord-5.2.4.3/lib/active_record/log_subscriber.rb:98
Processing by CatsController#show as HTML
  Parameters: {"id"=>"1"}
  [1m[36mCat Load (0.9ms)[0m  [1m[34mSELECT  "cats".* FROM "cats" WHERE "cats"."id" = $1 LIMIT $2[0m  [["id", 1], ["LIMIT", 1]]
  ↳ app/controllers/cats_controller.rb:9
  Rendering cats/show.html.erb within layouts/application
  Rendered cats/show.html.erb within layouts/application (75.0ms)
Completed 200 OK in 1303ms (Views: 1225.6ms | ActiveRecord: 6.6ms)


Started GET "/cats" for ::1 at 2020-08-14 15:42:17 -0400
Processing by CatsController#index as HTML
  Rendering cats/index.html.erb within layouts/application
  [1m[36mCat Load (0.4ms)[0m  [1m[34mSELECT "cats".* FROM "cats"[0m
  ↳ app/views/cats/index.html.erb:4
  Rendered cats/index.html.erb within layouts/application (2.3ms)
Completed 200 OK in 285ms (Views: 283.5ms | ActiveRecord: 0.4ms)


Started GET "/cats/2" for ::1 at 2020-08-14 15:42:23 -0400
Processing by CatsController#show as HTML
  Parameters: {"id"=>"2"}
  [1m[36mCat Load (1.3ms)[0m  [1m[34mSELECT  "cats".* FROM "cats" WHERE "cats"."id" = $1 LIMIT $2[0m  [["id", 2], ["LIMIT", 1]]
  ↳ app/controllers/cats_controller.rb:9
  Rendering cats/show.html.erb within layouts/application
  Rendered cats/show.html.erb within layouts/application (0.8ms)
Completed 200 OK in 285ms (Views: 280.6ms | ActiveRecord: 1.3ms)


Started GET "/cats/1" for ::1 at 2020-08-14 15:42:36 -0400
Processing by CatsController#show as HTML
  Parameters: {"id"=>"1"}
  [1m[36mCat Load (0.3ms)[0m  [1m[34mSELECT  "cats".* FROM "cats" WHERE "cats"."id" = $1 LIMIT $2[0m  [["id", 1], ["LIMIT", 1]]
  ↳ app/controllers/cats_controller.rb:9
  Rendering cats/show.html.erb within layouts/application
  Rendered cats/show.html.erb within layouts/application (0.6ms)
Completed 200 OK in 293ms (Views: 291.8ms | ActiveRecord: 0.3ms)


Started GET "/cats/2" for ::1 at 2020-08-14 15:42:45 -0400
Processing by CatsController#show as HTML
  Parameters: {"id"=>"2"}
  [1m[36mCat Load (0.3ms)[0m  [1m[34mSELECT  "cats".* FROM "cats" WHERE "cats"."id" = $1 LIMIT $2[0m  [["id", 2], ["LIMIT", 1]]
  ↳ app/controllers/cats_controller.rb:9
  Rendering cats/show.html.erb within layouts/application
  Rendered cats/show.html.erb within layouts/application (0.8ms)
Completed 200 OK in 314ms (Views: 311.9ms | ActiveRecord: 0.3ms)


Started GET "/cats" for ::1 at 2020-08-14 15:42:47 -0400
Processing by CatsController#index as HTML
  Rendering cats/index.html.erb within layouts/application
  [1m[36mCat Load (0.3ms)[0m  [1m[34mSELECT "cats".* FROM "cats"[0m
  ↳ app/views/cats/index.html.erb:4
  Rendered cats/index.html.erb within layouts/application (2.1ms)
Completed 200 OK in 340ms (Views: 339.6ms | ActiveRecord: 0.3ms)


Started GET "/cats/1" for ::1 at 2020-08-14 15:42:48 -0400
Processing by CatsController#show as HTML
  Parameters: {"id"=>"1"}
  [1m[36mCat Load (0.3ms)[0m  [1m[34mSELECT  "cats".* FROM "cats" WHERE "cats"."id" = $1 LIMIT $2[0m  [["id", 1], ["LIMIT", 1]]
  ↳ app/controllers/cats_controller.rb:9
  Rendering cats/show.html.erb within layouts/application
  Rendered cats/show.html.erb within layouts/application (0.9ms)
Completed 200 OK in 310ms (Views: 307.8ms | ActiveRecord: 0.3ms)


Started GET "/cats" for ::1 at 2020-08-14 15:42:50 -0400
Processing by CatsController#index as HTML
  Rendering cats/index.html.erb within layouts/application
  [1m[36mCat Load (0.3ms)[0m  [1m[34mSELECT "cats".* FROM "cats"[0m
  ↳ app/views/cats/index.html.erb:4
  Rendered cats/index.html.erb within layouts/application (1.6ms)
Completed 200 OK in 310ms (Views: 308.1ms | ActiveRecord: 0.3ms)


Started GET "/cats/2" for ::1 at 2020-08-14 15:42:53 -0400
Processing by CatsController#show as HTML
  Parameters: {"id"=>"2"}
  [1m[36mCat Load (0.3ms)[0m  [1m[34mSELECT  "cats".* FROM "cats" WHERE "cats"."id" = $1 LIMIT $2[0m  [["id", 2], ["LIMIT", 1]]
  ↳ app/controllers/cats_controller.rb:9
  Rendering cats/show.html.erb within layouts/application
  Rendered cats/show.html.erb within layouts/application (1.2ms)
Completed 200 OK in 320ms (Views: 318.6ms | ActiveRecord: 0.3ms)


Started GET "/cats/new" for ::1 at 2020-08-14 16:16:48 -0400

AbstractController::ActionNotFound - The action 'new' could not be found for CatsController:

Started POST "/__better_errors/434563d1e493692a/variables" for ::1 at 2020-08-14 16:16:50 -0400
Started GET "/cats/new" for ::1 at 2020-08-14 16:30:57 -0400
Processing by CatsController#new as HTML
  Rendering cats/new.html.erb within layouts/application
  Rendered cats/new.html.erb within layouts/application (597.2ms)
Completed 500 Internal Server Error in 842ms (ActiveRecord: 0.0ms)



ActionView::Template::Error - undefined local variable or method `button_text' for #<#<Class:0x00007f4cd0b4aec8>:0x00007f4cd20266d0>
Did you mean?  button_to
               button_tag:
  app/views/cats/new.html.erb:17:in `view template'

Started POST "/__better_errors/9fc4160ae639f187/variables" for ::1 at 2020-08-14 16:30:59 -0400
Started GET "/cats/new" for ::1 at 2020-08-14 16:31:49 -0400
Processing by CatsController#new as HTML
  Rendering cats/new.html.erb within layouts/application
  Rendered cats/new.html.erb within layouts/application (0.5ms)
Completed 200 OK in 356ms (Views: 289.3ms | ActiveRecord: 0.0ms)


Started GET "/cats/new" for ::1 at 2020-08-14 16:32:20 -0400
Processing by CatsController#new as HTML
  Rendering cats/new.html.erb within layouts/application
  Rendered cats/new.html.erb within layouts/application (0.4ms)
Completed 200 OK in 365ms (Views: 285.2ms | ActiveRecord: 0.0ms)


Started GET "/cats/new" for ::1 at 2020-08-14 16:32:57 -0400
Processing by CatsController#new as HTML
  Rendering cats/new.html.erb within layouts/application
  Rendered cats/new.html.erb within layouts/application (0.3ms)
Completed 200 OK in 366ms (Views: 278.9ms | ActiveRecord: 0.0ms)


Started POST "/cats" for ::1 at 2020-08-14 16:33:09 -0400

AbstractController::ActionNotFound - The action 'create' could not be found for CatsController:

Started POST "/__better_errors/4406246a92b66138/variables" for ::1 at 2020-08-14 16:33:11 -0400
Started GET "/cats/new" for ::1 at 2020-08-14 16:39:47 -0400
Processing by CatsController#new as HTML
  Rendering cats/new.html.erb within layouts/application
  Rendered cats/new.html.erb within layouts/application (300.2ms)
Completed 500 Internal Server Error in 520ms (ActiveRecord: 0.0ms)



ActionView::Template::Error - undefined local variable or method `bubble' for #<#<Class:0x00007f4cd0b4aec8>:0x00007f4cc40d8e10>:
  app/views/cats/new.html.erb:15:in `view template'

Started POST "/__better_errors/11a2dac063690bbd/variables" for ::1 at 2020-08-14 16:39:49 -0400
Started GET "/cats/new" for ::1 at 2020-08-14 16:40:21 -0400
Processing by CatsController#new as HTML
  Rendering cats/new.html.erb within layouts/application
  Rendered cats/new.html.erb within layouts/application (346.6ms)
Completed 500 Internal Server Error in 559ms (ActiveRecord: 0.0ms)



ActionView::Template::Error - undefined local variable or method `cat' for #<#<Class:0x00007f4cd0b4aec8>:0x00007f4cd18d6d80>
Did you mean?  catch:
  app/views/cats/new.html.erb:15:in `view template'

Started POST "/__better_errors/c6480247537ef5dd/variables" for ::1 at 2020-08-14 16:40:22 -0400
Started GET "/cats/new" for ::1 at 2020-08-14 16:42:19 -0400
Processing by CatsController#new as HTML
  Rendering cats/new.html.erb within layouts/application
  Rendered cats/new.html.erb within layouts/application (376.3ms)
Completed 500 Internal Server Error in 623ms (ActiveRecord: 0.0ms)



ActionView::Template::Error - undefined local variable or method `bubble' for #<#<Class:0x00007f4cd0b4aec8>:0x00007f4cd1785170>:
  app/views/cats/new.html.erb:22:in `view template'

Started POST "/__better_errors/5b8d37a0c241499f/variables" for ::1 at 2020-08-14 16:42:20 -0400
Started GET "/cats/new" for ::1 at 2020-08-14 16:42:43 -0400
Processing by CatsController#new as HTML
  Rendering cats/new.html.erb within layouts/application
  Rendered cats/new.html.erb within layouts/application (1.4ms)
Completed 200 OK in 344ms (Views: 270.7ms | ActiveRecord: 0.0ms)


Started GET "/cats/new" for ::1 at 2020-08-14 16:43:33 -0400
Processing by CatsController#new as HTML
  Rendering cats/new.html.erb within layouts/application
  Rendered cats/new.html.erb within layouts/application (36.6ms)
Completed 500 Internal Server Error in 290ms (ActiveRecord: 0.0ms)



SyntaxError - syntax error, unexpected '<'
...reeze;@output_buffer.append=( <option value = col selected>c...
...                              ^
/mnt/c/Users/Drew/Desktop/App_Academy/aA_classwork/w6d4/ninety_nine_cats/app/views/cats/new.html.erb:17: syntax error, unexpected tIDENTIFIER, expecting keyword_do or '{' or '('
...=( <option value = col selected>col</option> );@output_buffe...
...                       ^~~~~~~~
/mnt/c/Users/Drew/Desktop/App_Academy/aA_classwork/w6d4/ninety_nine_cats/app/views/cats/new.html.erb:19: unknown regexp options - lct
/mnt/c/Users/Drew/Desktop/App_Academy/aA_classwork/w6d4/ninety_nine_cats/app/views/cats/new.html.erb:19: unmatched close parenthesis: /option> );@output_buffer.safe_append='
'.freeze;         end 
@output_buffer.safe_append='    </
/mnt/c/Users/Drew/Desktop/App_Academy/aA_classwork/w6d4/ninety_nine_cats/app/views/cats/new.html.erb:22: syntax error, unexpected '<'
    <br><br>
    ^
/mnt/c/Users/Drew/Desktop/App_Academy/aA_classwork/w6d4/ninety_nine_cats/app/views/cats/new.html.erb:23: syntax error, unexpected tIDENTIFIER, expecting ')'
    <input type="submit" value="Submit">
                         ^~~~~
/mnt/c/Users/Drew/Desktop/App_Academy/aA_classwork/w6d4/ninety_nine_cats/app/views/cats/new.html.erb:25: syntax error, unexpected '<'
</form>
^
/mnt/c/Users/Drew/Desktop/App_Academy/aA_classwork/w6d4/ninety_nine_cats/app/views/cats/new.html.erb:31: unterminated regexp meets end of file
          end
             ^
/mnt/c/Users/Drew/Desktop/App_Academy/aA_classwork/w6d4/ninety_nine_cats/app/views/cats/new.html.erb:31: syntax error, unexpected end-of-input, expecting ')'
          end
             ^:
  app/views/cats/new.html.erb:17:in `'

Started POST "/__better_errors/e16c7caea75e42cd/variables" for ::1 at 2020-08-14 16:43:35 -0400
Started GET "/cats/new" for ::1 at 2020-08-14 16:48:02 -0400
Processing by CatsController#new as HTML
  Rendering cats/new.html.erb within layouts/application
  Rendered cats/new.html.erb within layouts/application (1.0ms)
Completed 500 Internal Server Error in 227ms (ActiveRecord: 0.0ms)



SyntaxError - syntax error, unexpected '<'
...reeze;@output_buffer.append=( <option value = col selected>c...
...                              ^
/mnt/c/Users/Drew/Desktop/App_Academy/aA_classwork/w6d4/ninety_nine_cats/app/views/cats/new.html.erb:18: syntax error, unexpected tIDENTIFIER, expecting keyword_do or '{' or '('
...=( <option value = col selected>col</option> );@output_buffe...
...                       ^~~~~~~~
/mnt/c/Users/Drew/Desktop/App_Academy/aA_classwork/w6d4/ninety_nine_cats/app/views/cats/new.html.erb:20: unknown regexp options - lct
/mnt/c/Users/Drew/Desktop/App_Academy/aA_classwork/w6d4/ninety_nine_cats/app/views/cats/new.html.erb:20: unmatched close parenthesis: /option> );@output_buffer.safe_append='
'.freeze;         end 
@output_buffer.safe_append='    </
/mnt/c/Users/Drew/Desktop/App_Academy/aA_classwork/w6d4/ninety_nine_cats/app/views/cats/new.html.erb:22: syntax error, unexpected '<'
    <label for="birth_date">Birth ...
    ^
/mnt/c/Users/Drew/Desktop/App_Academy/aA_classwork/w6d4/ninety_nine_cats/app/views/cats/new.html.erb:22: syntax error, unexpected tLABEL, expecting keyword_do or '{' or '('
...el for="birth_date">Birth date: </label>
...                          ^~~~~
/mnt/c/Users/Drew/Desktop/App_Academy/aA_classwork/w6d4/ninety_nine_cats/app/views/cats/new.html.erb:29: unknown regexp options - fr
/mnt/c/Users/Drew/Desktop/App_Academy/aA_classwork/w6d4/ninety_nine_cats/app/views/cats/new.html.erb:31: syntax error, unexpected '<'
<form'.freeze;
^
/mnt/c/Users/Drew/Desktop/App_Academy/aA_classwork/w6d4/ninety_nine_cats/app/views/cats/new.html.erb:35: unterminated string meets end of file
          end
             ^
/mnt/c/Users/Drew/Desktop/App_Academy/aA_classwork/w6d4/ninety_nine_cats/app/views/cats/new.html.erb:35: syntax error, unexpected end-of-input, expecting ')'
          end
             ^:
  app/views/cats/new.html.erb:18:in `'

Started POST "/__better_errors/1ced5aab5316cb01/variables" for ::1 at 2020-08-14 16:48:03 -0400
Started GET "/cats/new" for ::1 at 2020-08-14 16:48:41 -0400
Processing by CatsController#new as HTML
  Rendering cats/new.html.erb within layouts/application
  Rendered cats/new.html.erb within layouts/application (0.4ms)
Completed 200 OK in 316ms (Views: 255.0ms | ActiveRecord: 0.0ms)


Started GET "/cats/new" for ::1 at 2020-08-14 16:49:41 -0400
Processing by CatsController#new as HTML
  Rendering cats/new.html.erb within layouts/application
  Rendered cats/new.html.erb within layouts/application (1.0ms)
Completed 500 Internal Server Error in 226ms (ActiveRecord: 0.0ms)



SyntaxError - syntax error, unexpected '<'
...reeze;@output_buffer.append=( <option value = col selected>c...
...                              ^
/mnt/c/Users/Drew/Desktop/App_Academy/aA_classwork/w6d4/ninety_nine_cats/app/views/cats/new.html.erb:18: syntax error, unexpected tIDENTIFIER, expecting keyword_do or '{' or '('
...=( <option value = col selected>col</option> );@output_buffe...
...                       ^~~~~~~~
/mnt/c/Users/Drew/Desktop/App_Academy/aA_classwork/w6d4/ninety_nine_cats/app/views/cats/new.html.erb:20: unknown regexp options - lct
/mnt/c/Users/Drew/Desktop/App_Academy/aA_classwork/w6d4/ninety_nine_cats/app/views/cats/new.html.erb:20: unmatched close parenthesis: /option> );@output_buffer.safe_append='
'.freeze;         end 
@output_buffer.safe_append='    </
/mnt/c/Users/Drew/Desktop/App_Academy/aA_classwork/w6d4/ninety_nine_cats/app/views/cats/new.html.erb:22: syntax error, unexpected '<'
    <label for="birth_date">Birth ...
    ^
/mnt/c/Users/Drew/Desktop/App_Academy/aA_classwork/w6d4/ninety_nine_cats/app/views/cats/new.html.erb:22: syntax error, unexpected tLABEL, expecting keyword_do or '{' or '('
...el for="birth_date">Birth date: </label>
...                          ^~~~~
/mnt/c/Users/Drew/Desktop/App_Academy/aA_classwork/w6d4/ninety_nine_cats/app/views/cats/new.html.erb:26: unknown regexp options - labl
/mnt/c/Users/Drew/Desktop/App_Academy/aA_classwork/w6d4/ninety_nine_cats/app/views/cats/new.html.erb:27: syntax error, unexpected '<'
    <input type="textarea" name="d...
    ^
/mnt/c/Users/Drew/Desktop/App_Academy/aA_classwork/w6d4/ninety_nine_cats/app/views/cats/new.html.erb:27: syntax error, unexpected tIDENTIFIER, expecting ')'
    <input type="textarea" name="description">
                           ^~~~
/mnt/c/Users/Drew/Desktop/App_Academy/aA_classwork/w6d4/ninety_nine_cats/app/views/cats/new.html.erb:28: syntax error, unexpected '<'
    <br>
    ^
/mnt/c/Users/Drew/Desktop/App_Academy/aA_classwork/w6d4/ninety_nine_cats/app/views/cats/new.html.erb:31: syntax error, unexpected tIDENTIFIER, expecting ')'
    <input type="submit" value="Submit">
                         ^~~~~
/mnt/c/Users/Drew/Desktop/App_Academy/aA_classwork/w6d4/ninety_nine_cats/app/views/cats/new.html.erb:33: syntax error, unexpected '<'
</form>
^
/mnt/c/Users/Drew/Desktop/App_Academy/aA_classwork/w6d4/ninety_nine_cats/app/views/cats/new.html.erb:39: unterminated regexp meets end of file
          end
             ^
/mnt/c/Users/Drew/Desktop/App_Academy/aA_classwork/w6d4/ninety_nine_cats/app/views/cats/new.html.erb:39: syntax error, unexpected end-of-input, expecting ')'
          end
             ^:
  app/views/cats/new.html.erb:18:in `'

Started POST "/__better_errors/53f059a44670936f/variables" for ::1 at 2020-08-14 16:49:42 -0400
Started GET "/cats/new" for ::1 at 2020-08-14 16:51:54 -0400
Processing by CatsController#new as HTML
  Rendering cats/new.html.erb within layouts/application
  Rendered cats/new.html.erb within layouts/application (148.7ms)
Completed 500 Internal Server Error in 383ms (ActiveRecord: 0.0ms)



ActionView::Template::Error - uninitialized constant ActionView::CompiledTemplates::COLORS:
  app/views/cats/new.html.erb:17:in `view template'

Started POST "/__better_errors/b350e2c2f6733ace/variables" for ::1 at 2020-08-14 16:51:56 -0400
Started GET "/cats/new" for ::1 at 2020-08-14 16:52:19 -0400
Processing by CatsController#new as HTML
  Rendering cats/new.html.erb within layouts/application
  Rendered cats/new.html.erb within layouts/application (0.4ms)
Completed 200 OK in 361ms (Views: 290.1ms | ActiveRecord: 0.0ms)


Started GET "/cats/new" for ::1 at 2020-08-14 16:53:24 -0400
Processing by CatsController#new as HTML
  Rendering cats/new.html.erb within layouts/application
  Rendered cats/new.html.erb within layouts/application (0.6ms)
Completed 200 OK in 356ms (Views: 288.5ms | ActiveRecord: 0.0ms)


Started GET "/cats/new" for ::1 at 2020-08-14 16:56:49 -0400
Processing by CatsController#new as HTML
  Rendering cats/new.html.erb within layouts/application
  Rendered cats/new.html.erb within layouts/application (0.7ms)
Completed 200 OK in 356ms (Views: 278.9ms | ActiveRecord: 0.0ms)


Started POST "/cats" for ::1 at 2020-08-14 16:57:21 -0400

AbstractController::ActionNotFound - The action 'create' could not be found for CatsController:

Started POST "/__better_errors/c964284e2cc24da4/variables" for ::1 at 2020-08-14 16:57:23 -0400
Started POST "/cats" for ::1 at 2020-08-14 16:58:04 -0400

AbstractController::ActionNotFound - The action 'create' could not be found for CatsController:

Started POST "/__better_errors/a57cef4672c49819/variables" for ::1 at 2020-08-14 16:58:05 -0400
Started POST "/cats" for ::1 at 2020-08-14 17:02:55 -0400

AbstractController::ActionNotFound - The action 'create' could not be found for CatsController:

Started POST "/__better_errors/fa59cbd191f22a17/variables" for ::1 at 2020-08-14 17:02:57 -0400
Started POST "/cats" for ::1 at 2020-08-14 17:03:11 -0400
  [1m[35m (1.3ms)[0m  [1m[34mSELECT "schema_migrations"."version" FROM "schema_migrations" ORDER BY "schema_migrations"."version" ASC[0m
  ↳ /home/drewwebs/.rbenv/versions/2.5.1/lib/ruby/gems/2.5.0/gems/activerecord-5.2.4.3/lib/active_record/log_subscriber.rb:98
Processing by CatsController#create as HTML
  Parameters: {"name"=>"Garfield", "gender"=>"male", "cat"=>{"color"=>"Orange"}, "birth_date"=>"1988-05-13", "description"=>"Likes Lasagna"}
  [1m[35m (0.2ms)[0m  [1m[35mBEGIN[0m
  ↳ app/controllers/cats_controller.rb:20
  [1m[35m (2.0ms)[0m  [1m[31mROLLBACK[0m
  ↳ app/controllers/cats_controller.rb:20
  Rendering cats/new.html.erb within layouts/application
  Rendered cats/new.html.erb within layouts/application (1.1ms)
Completed 200 OK in 1020ms (Views: 886.6ms | ActiveRecord: 9.7ms)


Started POST "/cats" for ::1 at 2020-08-14 17:04:08 -0400
Processing by CatsController#create as HTML
  Parameters: {"name"=>"Garfield", "gender"=>"male", "cat"=>{"color"=>"Orange"}, "birth_date"=>"1988-05-13", "description"=>"Likes Lasagna"}
  [1m[35m (0.2ms)[0m  [1m[35mBEGIN[0m
  ↳ app/controllers/cats_controller.rb:20
  [1m[35m (0.3ms)[0m  [1m[31mROLLBACK[0m
  ↳ app/controllers/cats_controller.rb:20
  Rendering cats/new.html.erb within layouts/application
  Rendered cats/new.html.erb within layouts/application (0.6ms)
Completed 200 OK in 343ms (Views: 338.5ms | ActiveRecord: 0.5ms)


Started POST "/cats" for ::1 at 2020-08-14 17:04:19 -0400
Processing by CatsController#create as HTML
  Parameters: {"name"=>"Garfield", "gender"=>"male", "cat"=>{"color"=>"Orange"}, "birth_date"=>"1988-05-13", "description"=>"Likes Lasagna"}
  [1m[35m (0.2ms)[0m  [1m[35mBEGIN[0m
  ↳ app/controllers/cats_controller.rb:20
  [1m[35m (0.2ms)[0m  [1m[31mROLLBACK[0m
  ↳ app/controllers/cats_controller.rb:20
  Rendering cats/new.html.erb within layouts/application
  Rendered cats/new.html.erb within layouts/application (0.5ms)
Completed 200 OK in 333ms (Views: 330.0ms | ActiveRecord: 0.4ms)


Started POST "/cats" for ::1 at 2020-08-14 17:04:30 -0400
  [1m[35m (0.8ms)[0m  [1m[34mSELECT "schema_migrations"."version" FROM "schema_migrations" ORDER BY "schema_migrations"."version" ASC[0m
  ↳ /home/drewwebs/.rbenv/versions/2.5.1/lib/ruby/gems/2.5.0/gems/activerecord-5.2.4.3/lib/active_record/log_subscriber.rb:98
Processing by CatsController#create as HTML
  Parameters: {"name"=>"Garfield", "gender"=>"male", "cat"=>{"color"=>"Orange"}, "birth_date"=>"1988-05-13", "description"=>"Likes Lasagna"}
  [1m[35m (0.3ms)[0m  [1m[35mBEGIN[0m
  ↳ app/controllers/cats_controller.rb:20
  [1m[35m (0.7ms)[0m  [1m[31mROLLBACK[0m
  ↳ app/controllers/cats_controller.rb:20
  Rendering cats/new.html.erb within layouts/application
  Rendered cats/new.html.erb within layouts/application (2.2ms)
Completed 200 OK in 957ms (Views: 868.5ms | ActiveRecord: 5.1ms)


Started GET "/cats/new" for ::1 at 2020-08-14 17:07:32 -0400
Processing by CatsController#new as HTML
  Rendering cats/new.html.erb within layouts/application
  Rendered cats/new.html.erb within layouts/application (0.5ms)
Completed 200 OK in 291ms (Views: 289.7ms | ActiveRecord: 0.0ms)


Started POST "/cats" for ::1 at 2020-08-14 17:07:58 -0400
Processing by CatsController#create as HTML
  Parameters: {"name"=>"Garfield", "gender"=>"male", "color"=>"Orange", "birth_date"=>"1988-05-13", "description"=>"Likes lasagna"}
Completed 400 Bad Request in 9ms (ActiveRecord: 0.0ms)



ActionController::ParameterMissing - param is missing or the value is empty: cat:
  app/controllers/cats_controller.rb:30:in `cat_params'
  app/controllers/cats_controller.rb:18:in `create'

Started POST "/__better_errors/082721d137ed8d10/variables" for ::1 at 2020-08-14 17:07:58 -0400
Started POST "/cats" for ::1 at 2020-08-14 17:09:35 -0400
Processing by CatsController#create as HTML
  Parameters: {"name"=>"Garfield", "gender"=>"male", "cat"=>{"color"=>"Orange"}, "birth_date"=>"1988-05-13", "description"=>"Likes Lasagna"}
  [1m[35m (0.2ms)[0m  [1m[35mBEGIN[0m
  ↳ app/controllers/cats_controller.rb:20
  [1m[35m (0.3ms)[0m  [1m[31mROLLBACK[0m
  ↳ app/controllers/cats_controller.rb:20
  Rendering cats/new.html.erb within layouts/application
  Rendered cats/new.html.erb within layouts/application (1.5ms)
Completed 200 OK in 331ms (Views: 325.7ms | ActiveRecord: 0.5ms)


Started POST "/cats" for ::1 at 2020-08-14 17:09:53 -0400
Processing by CatsController#create as HTML
  Parameters: {"name"=>"Garfield", "gender"=>"male", "color"=>"Orange", "birth_date"=>"1988-05-13", "description"=>"Likes lasagna"}
Completed 400 Bad Request in 1ms (ActiveRecord: 0.0ms)



ActionController::ParameterMissing - param is missing or the value is empty: cat:
  app/controllers/cats_controller.rb:30:in `cat_params'
  app/controllers/cats_controller.rb:18:in `create'

Started POST "/__better_errors/b0bddb009efe7295/variables" for ::1 at 2020-08-14 17:09:53 -0400
Started POST "/cats" for ::1 at 2020-08-14 17:12:00 -0400
Processing by CatsController#create as HTML
  Parameters: {"name"=>"Garfield", "gender"=>"male", "cat"=>{"color"=>"Orange"}, "birth_date"=>"1988-05-13", "description"=>"Likes Lasagna"}
  [1m[35m (0.2ms)[0m  [1m[35mBEGIN[0m
  ↳ app/controllers/cats_controller.rb:20
  [1m[35m (0.3ms)[0m  [1m[31mROLLBACK[0m
  ↳ app/controllers/cats_controller.rb:20
  Rendering cats/new.html.erb within layouts/application
  Rendered cats/new.html.erb within layouts/application (1.1ms)
Completed 200 OK in 360ms (Views: 352.1ms | ActiveRecord: 0.5ms)


Started POST "/cats" for ::1 at 2020-08-14 17:12:23 -0400
  [1m[35m (0.7ms)[0m  [1m[34mSELECT "schema_migrations"."version" FROM "schema_migrations" ORDER BY "schema_migrations"."version" ASC[0m
  ↳ /home/drewwebs/.rbenv/versions/2.5.1/lib/ruby/gems/2.5.0/gems/activerecord-5.2.4.3/lib/active_record/log_subscriber.rb:98
Processing by CatsController#create as HTML
  Parameters: {"cat"=>{"name"=>"Garfield", "sex"=>"male", "color"=>"Orange", "birth_date"=>"1988-05-13", "description"=>"Likes lasagna"}}
Completed 500 Internal Server Error in 62ms (ActiveRecord: 6.0ms)



ActiveModel::ForbiddenAttributesError - ActiveModel::ForbiddenAttributesError:
  app/controllers/cats_controller.rb:18:in `create'

Started POST "/__better_errors/dc5b30affc921adb/variables" for ::1 at 2020-08-14 17:12:24 -0400
Started POST "/cats" for ::1 at 2020-08-14 17:12:51 -0400
  [1m[35m (0.6ms)[0m  [1m[34mSELECT "schema_migrations"."version" FROM "schema_migrations" ORDER BY "schema_migrations"."version" ASC[0m
  ↳ /home/drewwebs/.rbenv/versions/2.5.1/lib/ruby/gems/2.5.0/gems/activerecord-5.2.4.3/lib/active_record/log_subscriber.rb:98
Processing by CatsController#create as HTML
  Parameters: {"name"=>"Garfield", "gender"=>"male", "cat"=>{"color"=>"Orange"}, "birth_date"=>"1988-05-13", "description"=>"Likes Lasagna"}
  [1m[35m (0.3ms)[0m  [1m[35mBEGIN[0m
  ↳ app/controllers/cats_controller.rb:20
  [1m[35m (1.4ms)[0m  [1m[31mROLLBACK[0m
  ↳ app/controllers/cats_controller.rb:20
  Rendering cats/new.html.erb within layouts/application
  Rendered cats/new.html.erb within layouts/application (0.8ms)
Completed 200 OK in 955ms (Views: 858.6ms | ActiveRecord: 5.0ms)


Started POST "/cats" for ::1 at 2020-08-14 17:13:07 -0400
Processing by CatsController#create as HTML
  Parameters: {"cat"=>{"name"=>"Garfield", "sex"=>"male", "color"=>"Orange", "birth_date"=>"1988-05-13", "description"=>"Likes lasagna"}}
  [1m[35m (0.2ms)[0m  [1m[35mBEGIN[0m
  ↳ app/controllers/cats_controller.rb:20
  [1m[35m (0.2ms)[0m  [1m[31mROLLBACK[0m
  ↳ app/controllers/cats_controller.rb:20
  Rendering cats/new.html.erb within layouts/application
  Rendered cats/new.html.erb within layouts/application (0.7ms)
Completed 200 OK in 342ms (Views: 339.0ms | ActiveRecord: 0.4ms)


Started POST "/cats" for ::1 at 2020-08-14 17:14:14 -0400
Processing by CatsController#create as HTML
  Parameters: {"cat"=>{"name"=>"Garfield", "sex"=>"male", "color"=>"Orange", "birth_date"=>"1988-05-13", "description"=>"Likes lasagna"}}
  [1m[35m (0.4ms)[0m  [1m[35mBEGIN[0m
  ↳ app/controllers/cats_controller.rb:20
  [1m[35m (0.3ms)[0m  [1m[31mROLLBACK[0m
  ↳ app/controllers/cats_controller.rb:20
  Rendering cats/new.html.erb within layouts/application
  Rendered cats/new.html.erb within layouts/application (1.0ms)
Completed 200 OK in 338ms (Views: 331.1ms | ActiveRecord: 0.7ms)


Started POST "/cats" for ::1 at 2020-08-14 17:14:39 -0400
  [1m[35m (0.7ms)[0m  [1m[34mSELECT "schema_migrations"."version" FROM "schema_migrations" ORDER BY "schema_migrations"."version" ASC[0m
  ↳ /home/drewwebs/.rbenv/versions/2.5.1/lib/ruby/gems/2.5.0/gems/activerecord-5.2.4.3/lib/active_record/log_subscriber.rb:98
Processing by CatsController#create as HTML
  Parameters: {"cat"=>{"name"=>"Garfield", "sex"=>"male", "color"=>"Orange", "birth_date"=>"1988-05-13", "description"=>"Likes lasagna"}}
  [1m[35m (0.3ms)[0m  [1m[35mBEGIN[0m
  ↳ app/controllers/cats_controller.rb:20
  [1m[35m (0.4ms)[0m  [1m[31mROLLBACK[0m
  ↳ app/controllers/cats_controller.rb:20
  Rendering cats/new.html.erb within layouts/application
  Rendered cats/new.html.erb within layouts/application (0.9ms)
Completed 200 OK in 9294ms (Views: 842.9ms | ActiveRecord: 9.4ms)


Started POST "/cats" for ::1 at 2020-08-14 17:15:13 -0400
  [1m[35m (0.5ms)[0m  [1m[34mSELECT "schema_migrations"."version" FROM "schema_migrations" ORDER BY "schema_migrations"."version" ASC[0m
  ↳ /home/drewwebs/.rbenv/versions/2.5.1/lib/ruby/gems/2.5.0/gems/activerecord-5.2.4.3/lib/active_record/log_subscriber.rb:98
Processing by CatsController#create as HTML
  Parameters: {"cat"=>{"name"=>"Garfield", "sex"=>"male", "color"=>"Orange", "birth_date"=>"1988-05-13", "description"=>"Likes lasagna"}}
Completed 500 Internal Server Error in 83880ms (ActiveRecord: 5.0ms)



SystemExit - exit:
  (byebug):1:in `create'
  app/controllers/cats_controller.rb:20:in `create'

Started POST "/__better_errors/6d372c8999b9e4fa/variables" for ::1 at 2020-08-14 17:16:38 -0400
Started POST "/cats" for ::1 at 2020-08-14 17:16:52 -0400
  [1m[35m (0.4ms)[0m  [1m[34mSELECT "schema_migrations"."version" FROM "schema_migrations" ORDER BY "schema_migrations"."version" ASC[0m
  ↳ /home/drewwebs/.rbenv/versions/2.5.1/lib/ruby/gems/2.5.0/gems/activerecord-5.2.4.3/lib/active_record/log_subscriber.rb:98
Processing by CatsController#create as HTML
  Parameters: {"cat"=>{"name"=>"Garfield", "sex"=>"male", "color"=>"Orange", "birth_date"=>"1988-05-13", "description"=>"Likes lasagna"}}
  [1m[35m (1.1ms)[0m  [1m[35mBEGIN[0m
  ↳ app/controllers/cats_controller.rb:20
  [1m[35m (0.3ms)[0m  [1m[31mROLLBACK[0m
  ↳ app/controllers/cats_controller.rb:20
Started GET "/cats" for ::1 at 2020-08-14 17:17:12 -0400
Processing by CatsController#index as HTML
  Rendering cats/new.html.erb within layouts/application
  Rendered cats/new.html.erb within layouts/application (1.3ms)
  Rendering cats/index.html.erb within layouts/application
  [1m[36mCat Load (2.6ms)[0m  [1m[34mSELECT "cats".* FROM "cats"[0m
  ↳ app/views/cats/index.html.erb:4
  Rendered cats/index.html.erb within layouts/application (6.5ms)
Completed 200 OK in 605ms (Views: 601.6ms | ActiveRecord: 2.6ms)


Completed 200 OK in 20437ms (Views: 808.9ms | ActiveRecord: 8.5ms)


Started GET "/cats" for 127.0.0.1 at 2020-08-14 17:17:19 -0400
  [1m[35m (0.5ms)[0m  [1m[34mSELECT "schema_migrations"."version" FROM "schema_migrations" ORDER BY "schema_migrations"."version" ASC[0m
  ↳ /home/drewwebs/.rbenv/versions/2.5.1/lib/ruby/gems/2.5.0/gems/activerecord-5.2.4.3/lib/active_record/log_subscriber.rb:98
Processing by CatsController#index as HTML
  Rendering cats/index.html.erb within layouts/application
  [1m[36mCat Load (0.4ms)[0m  [1m[34mSELECT "cats".* FROM "cats"[0m
  ↳ app/views/cats/index.html.erb:4
  Rendered cats/index.html.erb within layouts/application (9.9ms)
Completed 200 OK in 885ms (Views: 842.8ms | ActiveRecord: 2.8ms)


Started GET "/cats/new" for ::1 at 2020-08-14 17:17:23 -0400
Processing by CatsController#new as HTML
  Rendering cats/new.html.erb within layouts/application
  Rendered cats/new.html.erb within layouts/application (0.6ms)
Completed 200 OK in 320ms (Views: 320.1ms | ActiveRecord: 0.0ms)


Started POST "/cats" for ::1 at 2020-08-14 17:17:52 -0400
Processing by CatsController#create as HTML
  Parameters: {"cat"=>{"name"=>"Garfield", "sex"=>"M", "color"=>"Orange", "birth_date"=>"1988-05-13", "description"=>"Likes Lasagna"}}
  [1m[35m (0.5ms)[0m  [1m[35mBEGIN[0m
  ↳ app/controllers/cats_controller.rb:20
  [1m[36mCat Create (15.2ms)[0m  [1m[32mINSERT INTO "cats" ("birth_date", "color", "name", "sex", "description", "created_at", "updated_at") VALUES ($1, $2, $3, $4, $5, $6, $7) RETURNING "id"[0m  [["birth_date", "1988-05-13"], ["color", "Orange"], ["name", "Garfield"], ["sex", "M"], ["description", "Likes Lasagna"], ["created_at", "2020-08-14 21:17:52.581466"], ["updated_at", "2020-08-14 21:17:52.581466"]]
  ↳ app/controllers/cats_controller.rb:20
  [1m[35m (6.9ms)[0m  [1m[35mCOMMIT[0m
  ↳ app/controllers/cats_controller.rb:20
Redirected to http://localhost:3000/cats/3
Completed 302 Found in 31ms (ActiveRecord: 22.6ms)


Started GET "/cats/3" for ::1 at 2020-08-14 17:17:52 -0400
Processing by CatsController#show as HTML
  Parameters: {"id"=>"3"}
  [1m[36mCat Load (0.4ms)[0m  [1m[34mSELECT  "cats".* FROM "cats" WHERE "cats"."id" = $1 LIMIT $2[0m  [["id", 3], ["LIMIT", 1]]
  ↳ app/controllers/cats_controller.rb:9
  Rendering cats/show.html.erb within layouts/application
  Rendered cats/show.html.erb within layouts/application (35.9ms)
Completed 200 OK in 408ms (Views: 404.3ms | ActiveRecord: 0.6ms)


Started GET "/cats" for ::1 at 2020-08-14 17:18:02 -0400
Processing by CatsController#index as HTML
  Rendering cats/index.html.erb within layouts/application
  [1m[36mCat Load (0.5ms)[0m  [1m[34mSELECT "cats".* FROM "cats"[0m
  ↳ app/views/cats/index.html.erb:4
  Rendered cats/index.html.erb within layouts/application (4.4ms)
Completed 200 OK in 350ms (Views: 349.5ms | ActiveRecord: 0.5ms)


Started GET "/cats/3" for ::1 at 2020-08-14 17:18:06 -0400
Processing by CatsController#show as HTML
  Parameters: {"id"=>"3"}
  [1m[36mCat Load (0.5ms)[0m  [1m[34mSELECT  "cats".* FROM "cats" WHERE "cats"."id" = $1 LIMIT $2[0m  [["id", 3], ["LIMIT", 1]]
  ↳ app/controllers/cats_controller.rb:9
  Rendering cats/show.html.erb within layouts/application
  Rendered cats/show.html.erb within layouts/application (1.1ms)
Completed 200 OK in 317ms (Views: 315.2ms | ActiveRecord: 0.5ms)


Started GET "/cats" for ::1 at 2020-08-14 17:18:09 -0400
Processing by CatsController#index as HTML
  Rendering cats/index.html.erb within layouts/application
  [1m[36mCat Load (0.5ms)[0m  [1m[34mSELECT "cats".* FROM "cats"[0m
  ↳ app/views/cats/index.html.erb:4
  Rendered cats/index.html.erb within layouts/application (3.2ms)
Completed 200 OK in 349ms (Views: 348.0ms | ActiveRecord: 0.5ms)


Started GET "/cats/1/edit" for ::1 at 2020-08-14 17:19:05 -0400
  [1m[35m (0.4ms)[0m  [1m[34mSELECT "schema_migrations"."version" FROM "schema_migrations" ORDER BY "schema_migrations"."version" ASC[0m
  ↳ /home/drewwebs/.rbenv/versions/2.5.1/lib/ruby/gems/2.5.0/gems/activerecord-5.2.4.3/lib/active_record/log_subscriber.rb:98
Processing by CatsController#edit as HTML
  Parameters: {"id"=>"1"}
  Rendering cats/edit.html.erb within layouts/application
  Rendered cats/edit.html.erb within layouts/application (37.0ms)
Completed 200 OK in 932ms (Views: 859.0ms | ActiveRecord: 0.0ms)


Started GET "/cats/2/edit" for ::1 at 2020-08-14 17:19:37 -0400
Processing by CatsController#edit as HTML
  Parameters: {"id"=>"2"}
  Rendering cats/edit.html.erb within layouts/application
  Rendered cats/edit.html.erb within layouts/application (0.6ms)
Completed 200 OK in 364ms (Views: 285.3ms | ActiveRecord: 0.0ms)


